https://freenode.net
https://freenode.net
https://freenode.net/news/live-2018
http://freenode.net/kb/answer/registration>
http://tinyurl.com/y88wbbqf>
http://nordu.net/
https://freenode.net
https://freenode.net
https://freenode.net/news/live-2018
http://www.snoonet.org/rules
http://www.snoonet.org/rules
http://www.snoonet.org/rules
https://snoonet.org/privacy-policy
https://i.imgur.com/6T3iLep.png
http://redd.it/aqq9o1
http://redd.it/aqqe23
http://redd.it/aqr2wh
http://redd.it/aqrhw24
http://www.snoonet.org/rules
http://www.snoonet.org/rules
http://www.snoonet.org/rules
https://snoonet.org/privacy-policy
https://i.imgur.com/6T3iLep.png
http://redd.it/aqtggj
http://redd.it/aqtp8e
http://redd.it/aqu2sf
